<?xml version="1.0" encoding="UTF-8"?>
<!-- Generated by org.testng.reporters.JUnitReportReporter -->
<testsuite hostname="DESKTOP-6C5CFM6" failures="0" tests="2" name="practiceFramework.Test.LoginPageTest" time="74.923" errors="1" timestamp="2021-06-29T11:38:50 IST" skipped="1">
  <testcase classname="practiceFramework.Test.LoginPageTest" name="beforeTest" time="74.923">
    <error message="unknown error: cannot connect to chrome at localhost:2214
from chrome not reachable
Build info: version: &#039;3.141.59&#039;, revision: &#039;e82be7d358&#039;, time: &#039;2018-11-14T08:17:03&#039;
System info: host: &#039;DESKTOP-6C5CFM6&#039;, ip: &#039;192.168.0.101&#039;, os.name: &#039;Windows 10&#039;, os.arch: &#039;amd64&#039;, os.version: &#039;10.0&#039;, java.version: &#039;11.0.10&#039;
Driver info: driver.version: ChromeDriver
remote stacktrace: Backtrace:
	Ordinal0 [0x004F3733+2504499]
	Ordinal0 [0x0048C401+2081793]
	Ordinal0 [0x003924F0+1058032]
	Ordinal0 [0x003874B5+1012917]
	Ordinal0 [0x003B005B+1179739]
	Ordinal0 [0x003A9EEB+1154795]
	Ordinal0 [0x003A9C8E+1154190]
	Ordinal0 [0x003D9B82+1350530]
	Ordinal0 [0x003D97DA+1349594]
	Ordinal0 [0x003D5D4B+1334603]
	Ordinal0 [0x003B22B4+1188532]
	Ordinal0 [0x003B3149+1192265]
	GetHandleVerifier [0x0066FB8C+1512252]
	GetHandleVerifier [0x0071B0DF+2214031]
	GetHandleVerifier [0x00574BC3+484211]
	GetHandleVerifier [0x00573E69+480793]
	Ordinal0 [0x0049218D+2105741]
	Ordinal0 [0x004966E8+2123496]
	Ordinal0 [0x00496827+2123815]
	Ordinal0 [0x0049FB73+2161523]
	BaseThreadInitThunk [0x76C26359+25]
	RtlGetAppContainerNamedObjectPath [0x77AB87A4+228]
	RtlGetAppContainerNamedObjectPath [0x77AB8774+180]
" type="org.openqa.selenium.WebDriverException">
      <![CDATA[org.openqa.selenium.WebDriverException: unknown error: cannot connect to chrome at localhost:2214
from chrome not reachable
Build info: version: '3.141.59', revision: 'e82be7d358', time: '2018-11-14T08:17:03'
System info: host: 'DESKTOP-6C5CFM6', ip: '192.168.0.101', os.name: 'Windows 10', os.arch: 'amd64', os.version: '10.0', java.version: '11.0.10'
Driver info: driver.version: ChromeDriver
remote stacktrace: Backtrace:
Ordinal0 [0x004F3733+2504499]
Ordinal0 [0x0048C401+2081793]
Ordinal0 [0x003924F0+1058032]
Ordinal0 [0x003874B5+1012917]
Ordinal0 [0x003B005B+1179739]
Ordinal0 [0x003A9EEB+1154795]
Ordinal0 [0x003A9C8E+1154190]
Ordinal0 [0x003D9B82+1350530]
Ordinal0 [0x003D97DA+1349594]
Ordinal0 [0x003D5D4B+1334603]
Ordinal0 [0x003B22B4+1188532]
Ordinal0 [0x003B3149+1192265]
GetHandleVerifier [0x0066FB8C+1512252]
GetHandleVerifier [0x0071B0DF+2214031]
GetHandleVerifier [0x00574BC3+484211]
GetHandleVerifier [0x00573E69+480793]
Ordinal0 [0x0049218D+2105741]
Ordinal0 [0x004966E8+2123496]
Ordinal0 [0x00496827+2123815]
Ordinal0 [0x0049FB73+2161523]
BaseThreadInitThunk [0x76C26359+25]
RtlGetAppContainerNamedObjectPath [0x77AB87A4+228]
RtlGetAppContainerNamedObjectPath [0x77AB8774+180]

at java.base/jdk.internal.reflect.NativeConstructorAccessorImpl.newInstance0(Native Method)
at java.base/jdk.internal.reflect.NativeConstructorAccessorImpl.newInstance(NativeConstructorAccessorImpl.java:62)
at java.base/jdk.internal.reflect.DelegatingConstructorAccessorImpl.newInstance(DelegatingConstructorAccessorImpl.java:45)
at java.base/java.lang.reflect.Constructor.newInstance(Constructor.java:490)
at org.openqa.selenium.remote.W3CHandshakeResponse.lambda$errorHandler$0(W3CHandshakeResponse.java:62)
at org.openqa.selenium.remote.HandshakeResponse.lambda$getResponseFunction$0(HandshakeResponse.java:30)
at org.openqa.selenium.remote.ProtocolHandshake.lambda$createSession$0(ProtocolHandshake.java:126)
at java.base/java.util.stream.ReferencePipeline$3$1.accept(ReferencePipeline.java:195)
at java.base/java.util.Spliterators$ArraySpliterator.tryAdvance(Spliterators.java:958)
at java.base/java.util.stream.ReferencePipeline.forEachWithCancel(ReferencePipeline.java:127)
at java.base/java.util.stream.AbstractPipeline.copyIntoWithCancel(AbstractPipeline.java:502)
at java.base/java.util.stream.AbstractPipeline.copyInto(AbstractPipeline.java:488)
at java.base/java.util.stream.AbstractPipeline.wrapAndCopyInto(AbstractPipeline.java:474)
at java.base/java.util.stream.FindOps$FindOp.evaluateSequential(FindOps.java:150)
at java.base/java.util.stream.AbstractPipeline.evaluate(AbstractPipeline.java:234)
at java.base/java.util.stream.ReferencePipeline.findFirst(ReferencePipeline.java:543)
at org.openqa.selenium.remote.ProtocolHandshake.createSession(ProtocolHandshake.java:128)
at org.openqa.selenium.remote.ProtocolHandshake.createSession(ProtocolHandshake.java:74)
at org.openqa.selenium.remote.HttpCommandExecutor.execute(HttpCommandExecutor.java:136)
at org.openqa.selenium.remote.service.DriverCommandExecutor.execute(DriverCommandExecutor.java:83)
at org.openqa.selenium.remote.RemoteWebDriver.execute(RemoteWebDriver.java:552)
at org.openqa.selenium.remote.RemoteWebDriver.startSession(RemoteWebDriver.java:213)
at org.openqa.selenium.remote.RemoteWebDriver.<init>(RemoteWebDriver.java:131)
at org.openqa.selenium.chrome.ChromeDriver.<init>(ChromeDriver.java:181)
at org.openqa.selenium.chrome.ChromeDriver.<init>(ChromeDriver.java:168)
at org.openqa.selenium.chrome.ChromeDriver.<init>(ChromeDriver.java:157)
at practiceFramework.Driver.DriverFactory.initDriver(DriverFactory.java:29)
at practiceFramework.Test.LoginPageTest.beforeTest(LoginPageTest.java:22)
at java.base/jdk.internal.reflect.NativeMethodAccessorImpl.invoke0(Native Method)
at java.base/jdk.internal.reflect.NativeMethodAccessorImpl.invoke(NativeMethodAccessorImpl.java:62)
at java.base/jdk.internal.reflect.DelegatingMethodAccessorImpl.invoke(DelegatingMethodAccessorImpl.java:43)
at java.base/java.lang.reflect.Method.invoke(Method.java:566)
at org.testng.internal.MethodInvocationHelper.invokeMethod(MethodInvocationHelper.java:132)
at org.testng.internal.MethodInvocationHelper.invokeMethodConsideringTimeout(MethodInvocationHelper.java:61)
at org.testng.internal.ConfigInvoker.invokeConfigurationMethod(ConfigInvoker.java:366)
at org.testng.internal.ConfigInvoker.invokeConfigurations(ConfigInvoker.java:320)
at org.testng.TestRunner.invokeTestConfigurations(TestRunner.java:617)
at org.testng.TestRunner.beforeRun(TestRunner.java:607)
at org.testng.TestRunner.run(TestRunner.java:578)
at org.testng.SuiteRunner.runTest(SuiteRunner.java:384)
at org.testng.SuiteRunner.runSequentially(SuiteRunner.java:378)
at org.testng.SuiteRunner.privateRun(SuiteRunner.java:337)
at org.testng.SuiteRunner.run(SuiteRunner.java:286)
at org.testng.SuiteRunnerWorker.runSuite(SuiteRunnerWorker.java:53)
at org.testng.SuiteRunnerWorker.run(SuiteRunnerWorker.java:96)
at org.testng.TestNG.runSuitesSequentially(TestNG.java:1218)
at org.testng.TestNG.runSuitesLocally(TestNG.java:1140)
at org.testng.TestNG.runSuites(TestNG.java:1069)
at org.testng.TestNG.run(TestNG.java:1037)
at org.testng.remote.AbstractRemoteTestNG.run(AbstractRemoteTestNG.java:115)
at org.testng.remote.RemoteTestNG.initAndRun(RemoteTestNG.java:251)
at org.testng.remote.RemoteTestNG.main(RemoteTestNG.java:77)
]]>
    </error>
  </testcase> <!-- beforeTest -->
  <system-out/>
  <testcase classname="practiceFramework.Test.LoginPageTest" name="test" time="0.000">
    <skipped/>
  </testcase> <!-- test -->
  <system-out/>
</testsuite> <!-- practiceFramework.Test.LoginPageTest -->
